SUCCESS
apex cost: 
{237, 641}, {239, 636}, {241, 634}, {243, 632}, {245, 630}, {247, 628}, {249, 626}, 
{251, 624}, 
real cost: 
{237, 641}, {239, 636}, {241, 634}, {243, 632}, {245, 630}, {247, 628}, {249, 626}, 
{251, 624}, 

epsilon = 4.21941e-06


Algorithm = BBMOCBS-k
Agents = 5
SuccessFlag = True
------
SUCCESS
apex cost: 
{237, 641}, {239, 636}, {241, 634}, {243, 632}, {245, 630}, {247, 628}, {249, 626}, 
{251, 624}, 
real cost: 
{237, 641}, {239, 636}, {241, 634}, {243, 632}, {245, 630}, {247, 628}, {249, 626}, 
{251, 624}, 

epsilon = 4.21941e-06


Algorithm = BBMOCBS-k
Agents = 5
SuccessFlag = True
------
