FAIL
apex cost: 
{281, 765}, {283, 756}, {285, 751}, {287, 749}, {289, 747}, {296, 746}, 
real cost: 
{281, 766}, {283, 757}, {285, 752}, {287, 750}, {289, 748}, {296, 746}, 

epsilon = 0.00134003


Algorithm = BBMOCBS-k
Agents = 5
SuccessFlag = False
------
FAIL
apex cost: 
{281, 765}, {283, 756}, {285, 751}, {287, 749}, {289, 747}, {296, 746}, 
real cost: 
{281, 766}, {283, 757}, {285, 752}, {287, 750}, {289, 748}, {296, 746}, 

epsilon = 0.00134003


Algorithm = BBMOCBS-k
Agents = 5
SuccessFlag = False
------
