FAIL
apex cost: 
{363, 998}, {364, 989}, {364, 998}, {366, 984}, {368, 980}, {370, 977}, {372, 974}, 
real cost: 
{363, 1001}, {365, 992}, {365, 998}, {367, 987}, {369, 983}, {371, 980}, {373, 976}, 

epsilon = 0.00307165


Algorithm = BBMOCBS-k
Agents = 5
SuccessFlag = False
------
FAIL
apex cost: 
{363, 998}, {364, 989}, {364, 998}, {366, 984}, {368, 980}, {370, 977}, {372, 974}, 
real cost: 
{363, 1001}, {365, 992}, {365, 998}, {367, 987}, {369, 983}, {371, 980}, {373, 976}, 

epsilon = 0.00307165


Algorithm = BBMOCBS-k
Agents = 5
SuccessFlag = False
------
