SUCCESS
apex cost: 
{152, 406}, {154, 404}, {156, 403}, {158, 402}, 
real cost: 
{152, 407}, {154, 405}, {156, 403}, {158, 402}, 

epsilon = 0.00247772


Algorithm = BBMOCBS-k
Agents = 5
SuccessFlag = True
------
SUCCESS
apex cost: 
{152, 406}, {154, 404}, {156, 403}, {158, 402}, 
real cost: 
{152, 407}, {154, 405}, {156, 403}, {158, 402}, 

epsilon = 0.00247772


Algorithm = BBMOCBS-k
Agents = 5
SuccessFlag = True
------
SUCCESS
apex cost: 
{152, 403, 425}, {152, 407, 417}, {152, 411, 412}, {152, 417, 404}, {153, 427, 402}, 
real cost: 
{152, 408, 429}, {153, 410, 421}, {153, 413, 416}, {153, 421, 407}, {154, 428, 404}, 

epsilon = 0.0124094


Algorithm = BBMOCBS-k
Agents = 5
SuccessFlag = True
------
