SUCCESS
apex cost: 
{180, 457}, {182, 455}, 
real cost: 
{180, 457}, {182, 455}, 

epsilon = 5.55556e-06


Algorithm = BBMOCBS-k
Agents = 5
SuccessFlag = True
------
SUCCESS
apex cost: 
{180, 457}, {182, 455}, 
real cost: 
{180, 457}, {182, 455}, 

epsilon = 5.55556e-06


Algorithm = BBMOCBS-k
Agents = 5
SuccessFlag = True
------
SUCCESS
apex cost: 
{180, 455, 494}, {180, 456, 488}, {180, 458, 483}, {180, 461, 473}, {180, 466, 468}, {180, 469, 465}, {180, 475, 461}, 
{180, 478, 458}, {180, 482, 456}, {180, 489, 453}, 
real cost: 
{180, 459, 498}, {180, 461, 492}, {180, 463, 487}, {180, 467, 478}, {180, 471, 472}, {180, 474, 470}, {180, 480, 465}, 
{180, 484, 462}, {180, 486, 460}, {180, 493, 457}, 

epsilon = 0.0130174


Algorithm = BBMOCBS-k
Agents = 5
SuccessFlag = True
------
