SUCCESS
apex cost: 
{152, 407}, {154, 405}, {156, 403}, {158, 402}, 
real cost: 
{152, 407}, {154, 405}, {156, 403}, {158, 402}, 

epsilon = 6.57895e-06


Algorithm = BBMOCBS-k
Agents = 5
SuccessFlag = True
------
SUCCESS
apex cost: 
{152, 407}, {154, 405}, {156, 403}, {158, 402}, 
real cost: 
{152, 407}, {154, 405}, {156, 403}, {158, 402}, 

epsilon = 6.57895e-06


Algorithm = BBMOCBS-k
Agents = 5
SuccessFlag = True
------
SUCCESS
apex cost: 
{152, 405, 422}, {152, 409, 415}, {152, 412, 409}, {152, 416, 404}, {152, 422, 402}, {153, 402, 431}, {153, 414, 410}, 
{153, 425, 399}, {154, 406, 429}, {156, 402, 438}, 
real cost: 
{152, 409, 426}, {153, 411, 419}, {153, 415, 413}, {153, 419, 408}, {153, 423, 405}, {154, 406, 433}, {154, 418, 412}, 
{153, 427, 402}, {154, 408, 430}, {157, 406, 440}, 

epsilon = 0.00995274


Algorithm = BBMOCBS-k
Agents = 5
SuccessFlag = True
------
