SUCCESS
apex cost: 
{217, 527}, 
real cost: 
{217, 527}, 

epsilon = 4.60829e-06


Algorithm = BBMOCBS-k
Agents = 5
SuccessFlag = True
------
SUCCESS
apex cost: 
{217, 527, 556}, {217, 534, 550}, {217, 539, 544}, {217, 546, 537}, {217, 551, 531}, {217, 557, 529}, {217, 560, 523}, 
{217, 570, 516}, {219, 579, 512}, {221, 594, 506}, 
real cost: 
{217, 536, 568}, {219, 543, 560}, {217, 547, 555}, {219, 554, 547}, {219, 561, 542}, {219, 566, 539}, {219, 572, 534}, 
{221, 581, 527}, {221, 589, 522}, {221, 604, 515}, 

epsilon = 0.0215845


Algorithm = BBMOCBS-k
Agents = 5
SuccessFlag = True
------
