SUCCESS
apex cost: 
{132, 346}, {134, 334}, {136, 330}, 
real cost: 
{132, 346}, {134, 334}, {136, 330}, 

epsilon = 7.57576e-06


Algorithm = BBMOCBS-k
Agents = 5
SuccessFlag = True
------
SUCCESS
apex cost: 
{132, 330, 344}, {132, 332, 338}, {132, 334, 334}, {132, 342, 331}, {134, 336, 333}, {134, 351, 330}, {134, 360, 329}, 
{136, 329, 350}, 
real cost: 
{134, 335, 349}, {134, 337, 342}, {134, 339, 339}, {134, 347, 336}, {134, 340, 338}, {134, 355, 335}, {134, 365, 333}, 
{138, 333, 354}, 

epsilon = 0.0151591


Algorithm = BBMOCBS-k
Agents = 5
SuccessFlag = True
------
