SUCCESS
apex cost: 
{82, 192}, 
real cost: 
{82, 192}, 

epsilon = 1.21951e-05


Algorithm = BBMOCBS-k
Agents = 5
SuccessFlag = True
------
SUCCESS
apex cost: 
{82, 192}, 
real cost: 
{82, 192}, 

epsilon = 1.21951e-05


Algorithm = BBMOCBS-k
Agents = 5
SuccessFlag = True
------
SUCCESS
apex cost: 
{82, 192, 232}, {82, 194, 228}, {82, 195, 225}, {82, 197, 222}, {82, 199, 219}, {82, 201, 217}, {82, 204, 215}, 
{82, 208, 213}, {82, 212, 211}, {82, 222, 208}, 
real cost: 
{82, 193, 233}, {82, 195, 229}, {82, 196, 227}, {82, 198, 224}, {82, 200, 221}, {82, 202, 219}, {82, 205, 217}, 
{82, 209, 215}, {82, 214, 212}, {82, 224, 210}, 

epsilon = 0.00962019


Algorithm = BBMOCBS-k
Agents = 5
SuccessFlag = True
------
