SUCCESS
apex cost: 
{128, 316}, 
real cost: 
{128, 316}, 

epsilon = 7.8125e-06


Algorithm = BBMOCBS-k
Agents = 5
SuccessFlag = True
------
SUCCESS
apex cost: 
{128, 316, 374}, {128, 319, 371}, {128, 321, 364}, {128, 325, 359}, {128, 330, 357}, {128, 332, 353}, {128, 337, 348}, 
{128, 344, 346}, {128, 346, 344}, {128, 349, 339}, 
real cost: 
{128, 319, 376}, {128, 321, 372}, {128, 323, 367}, {128, 327, 363}, {128, 331, 359}, {128, 335, 356}, {128, 339, 352}, 
{128, 347, 348}, {128, 349, 346}, {128, 353, 342}, 

epsilon = 0.0114971


Algorithm = BBMOCBS-k
Agents = 5
SuccessFlag = True
------
