SUCCESS
apex cost: 
{151, 407}, {153, 402}, {157, 399}, {159, 398}, {161, 397}, 
real cost: 
{151, 407}, {153, 403}, {157, 399}, {159, 398}, {161, 397}, 

epsilon = 0.00249005


Algorithm = BBMOCBS-k
Agents = 5
SuccessFlag = True
------
SUCCESS
apex cost: 
{151, 407, 417}, {151, 413, 411}, {151, 416, 405}, {151, 421, 398}, {155, 404, 436}, 
real cost: 
{151, 411, 423}, {151, 417, 415}, {151, 422, 409}, {151, 427, 403}, {155, 407, 438}, 

epsilon = 0.0144255


Algorithm = BBMOCBS-k
Agents = 5
SuccessFlag = True
------
