SUCCESS
apex cost: 
{82, 192}, 
real cost: 
{82, 192}, 

epsilon = 1.21951e-05


Algorithm = BBMOCBS-k
Agents = 5
SuccessFlag = True
------
SUCCESS
apex cost: 
{82, 192}, 
real cost: 
{82, 192}, 

epsilon = 1.21951e-05


Algorithm = BBMOCBS-k
Agents = 5
SuccessFlag = True
------
SUCCESS
apex cost: 
{82, 192, 228}, {82, 195, 223}, {82, 197, 218}, {82, 201, 215}, {82, 215, 213}, 
real cost: 
{82, 195, 229}, {82, 197, 225}, {82, 199, 222}, {82, 203, 218}, {82, 217, 214}, 

epsilon = 0.0183532


Algorithm = BBMOCBS-k
Agents = 5
SuccessFlag = True
------
