SUCCESS
apex cost: 
{151, 407}, {153, 403}, {155, 402}, {157, 399}, {159, 398}, {161, 397}, 
real cost: 
{151, 407}, {153, 403}, {155, 402}, {157, 399}, {159, 398}, {161, 397}, 

epsilon = 6.62252e-06


Algorithm = BBMOCBS-k
Agents = 5
SuccessFlag = True
------
SUCCESS
apex cost: 
{151, 407, 418}, {151, 409, 412}, {151, 415, 406}, {151, 419, 401}, {151, 423, 398}, {151, 429, 391}, {151, 438, 389}, 
{152, 406, 425}, {153, 402, 431}, {155, 399, 443}, 
real cost: 
{151, 412, 421}, {151, 415, 417}, {151, 421, 410}, {151, 424, 406}, {151, 427, 403}, {151, 435, 396}, {151, 440, 393}, 
{153, 409, 430}, {153, 407, 434}, {157, 403, 448}, 

epsilon = 0.0146724


Algorithm = BBMOCBS-k
Agents = 5
SuccessFlag = True
------
