SUCCESS
apex cost: 
{114, 261}, {115, 258}, {116, 254}, {118, 253}, 
real cost: 
{114, 261}, {115, 258}, {116, 254}, {118, 253}, 

epsilon = 8.77193e-06


Algorithm = BBMOCBS-k
Agents = 5
SuccessFlag = True
------
SUCCESS
apex cost: 
{114, 251, 325}, {114, 265, 306}, {114, 269, 295}, {114, 279, 288}, {115, 259, 314}, 
real cost: 
{116, 260, 333}, {114, 273, 313}, {114, 278, 302}, {114, 286, 293}, {116, 267, 322}, 

epsilon = 0.0358606


Algorithm = BBMOCBS-k
Agents = 5
SuccessFlag = True
------
