SUCCESS
apex cost: 
{114, 261}, {115, 258}, {116, 254}, {118, 253}, 
real cost: 
{114, 261}, {115, 258}, {116, 254}, {118, 253}, 

epsilon = 8.77193e-06


Algorithm = BBMOCBS-k
Agents = 5
SuccessFlag = True
------
SUCCESS
apex cost: 
{114, 252, 333}, {114, 256, 326}, {114, 258, 320}, {114, 262, 313}, {114, 265, 309}, {114, 269, 299}, {114, 275, 294}, 
{114, 279, 287}, {114, 286, 282}, {114, 296, 280}, 
real cost: 
{116, 257, 339}, {116, 260, 333}, {116, 263, 326}, {116, 267, 320}, {116, 271, 315}, {114, 276, 305}, {114, 280, 300}, 
{114, 284, 294}, {114, 293, 289}, {114, 300, 287}, 

epsilon = 0.026026


Algorithm = BBMOCBS-k
Agents = 5
SuccessFlag = True
------
