SUCCESS
apex cost: 
{146, 380}, {148, 370}, {150, 369}, {152, 368}, 
real cost: 
{146, 380}, {148, 370}, {150, 369}, {152, 368}, 

epsilon = 6.84932e-06


Algorithm = BBMOCBS-k
Agents = 5
SuccessFlag = True
------
SUCCESS
apex cost: 
{146, 368, 422}, {146, 375, 416}, {146, 387, 411}, {146, 400, 396}, {148, 375, 410}, {148, 382, 406}, {148, 385, 402}, 
{148, 389, 397}, {148, 400, 392}, {152, 420, 390}, 
real cost: 
{148, 376, 430}, {148, 381, 424}, {148, 392, 419}, {148, 406, 403}, {150, 382, 418}, {150, 387, 412}, {150, 392, 409}, 
{150, 394, 405}, {150, 405, 400}, {152, 423, 394}, 

epsilon = 0.0217418


Algorithm = BBMOCBS-k
Agents = 5
SuccessFlag = True
------
