SUCCESS
apex cost: 
{91, 230}, {93, 229}, {95, 215}, 
real cost: 
{91, 230}, {93, 229}, {95, 215}, 

epsilon = 1.0989e-05


Algorithm = BBMOCBS-k
Agents = 5
SuccessFlag = True
------
SUCCESS
apex cost: 
{91, 228, 254}, {91, 231, 251}, {91, 233, 248}, {91, 235, 245}, {91, 238, 242}, {91, 241, 238}, {91, 247, 236}, 
{91, 251, 233}, {91, 255, 231}, {91, 259, 228}, 
real cost: 
{91, 230, 255}, {91, 233, 252}, {91, 235, 249}, {91, 237, 247}, {91, 239, 245}, {91, 243, 241}, {91, 249, 237}, 
{91, 253, 235}, {91, 257, 233}, {91, 261, 231}, 

epsilon = 0.0131623


Algorithm = BBMOCBS-k
Agents = 5
SuccessFlag = True
------
