SUCCESS
apex cost: 
{136, 346}, {138, 344}, {140, 343}, 
real cost: 
{136, 346}, {138, 344}, {140, 343}, 

epsilon = 7.35294e-06


Algorithm = BBMOCBS-k
Agents = 5
SuccessFlag = True
------
SUCCESS
apex cost: 
{136, 346, 368}, {136, 350, 362}, {136, 353, 357}, {136, 360, 351}, {136, 365, 344}, {136, 372, 344}, {136, 375, 337}, 
{138, 343, 385}, {138, 383, 335}, {138, 395, 334}, 
real cost: 
{136, 352, 373}, {136, 356, 367}, {136, 359, 363}, {136, 364, 357}, {137, 371, 350}, {136, 375, 349}, {138, 380, 343}, 
{138, 346, 389}, {138, 386, 340}, {138, 397, 338}, 

epsilon = 0.0178071


Algorithm = BBMOCBS-k
Agents = 5
SuccessFlag = True
------
