SUCCESS
apex cost: 
{115, 257}, 
real cost: 
{115, 257}, 

epsilon = 8.69565e-06


Algorithm = BBMOCBS-k
Agents = 5
SuccessFlag = True
------
SUCCESS
apex cost: 
{115, 256, 333}, {115, 258, 316}, {115, 260, 313}, {115, 262, 305}, {115, 264, 301}, {115, 269, 297}, {115, 274, 295}, 
{115, 277, 291}, {115, 284, 286}, {115, 288, 282}, 
real cost: 
{115, 259, 335}, {115, 262, 320}, {115, 264, 315}, {115, 266, 309}, {115, 268, 306}, {115, 274, 302}, {115, 277, 299}, 
{115, 282, 296}, {115, 287, 292}, {115, 293, 288}, 

epsilon = 0.0212801


Algorithm = BBMOCBS-k
Agents = 5
SuccessFlag = True
------
