SUCCESS
apex cost: 
{124, 318}, {126, 314}, {128, 310}, {130, 306}, 
real cost: 
{124, 318}, {126, 314}, {128, 310}, {130, 306}, 

epsilon = 8.06452e-06


Algorithm = BBMOCBS-k
Agents = 5
SuccessFlag = True
------
SUCCESS
apex cost: 
{124, 320, 320}, {124, 325, 316}, {124, 333, 312}, {126, 308, 340}, {126, 310, 335}, {126, 315, 324}, {126, 345, 308}, 
{127, 311, 329}, {128, 304, 346}, {128, 306, 340}, 
real cost: 
{124, 325, 324}, {126, 330, 319}, {126, 335, 317}, {128, 312, 344}, {128, 314, 338}, {126, 320, 329}, {126, 347, 312}, 
{128, 316, 334}, {130, 308, 348}, {130, 310, 342}, 

epsilon = 0.0161371


Algorithm = BBMOCBS-k
Agents = 5
SuccessFlag = True
------
