SUCCESS
apex cost: 
{129, 345}, {131, 340}, {133, 338}, 
real cost: 
{129, 345}, {131, 340}, {133, 338}, 

epsilon = 7.75194e-06


Algorithm = BBMOCBS-k
Agents = 5
SuccessFlag = True
------
SUCCESS
apex cost: 
{129, 340, 376}, {129, 343, 368}, {129, 347, 360}, {129, 353, 349}, {129, 356, 345}, {131, 350, 357}, {131, 360, 342}, 
{131, 363, 337}, 
real cost: 
{131, 343, 380}, {131, 346, 372}, {131, 350, 365}, {131, 356, 354}, {131, 360, 348}, {131, 353, 359}, {131, 363, 345}, 
{131, 367, 342}, 

epsilon = 0.0155116


Algorithm = BBMOCBS-k
Agents = 5
SuccessFlag = True
------
