SUCCESS
apex cost: 
{121, 295}, {123, 294}, 
real cost: 
{121, 295}, {123, 294}, 

epsilon = 8.26446e-06


Algorithm = BBMOCBS-k
Agents = 5
SuccessFlag = True
------
SUCCESS
apex cost: 
{121, 293, 348}, {121, 296, 344}, {121, 297, 341}, {121, 300, 336}, {121, 304, 330}, {121, 306, 323}, {123, 311, 315}, 
{123, 315, 313}, {123, 321, 311}, {123, 327, 307}, 
real cost: 
{123, 298, 353}, {121, 301, 349}, {121, 302, 347}, {121, 305, 342}, {123, 309, 335}, {123, 312, 329}, {123, 315, 321}, 
{123, 319, 318}, {123, 325, 315}, {123, 331, 312}, 

epsilon = 0.0198053


Algorithm = BBMOCBS-k
Agents = 5
SuccessFlag = True
------
