SUCCESS
apex cost: 
{106, 260}, {108, 257}, {110, 256}, 
real cost: 
{106, 260}, {108, 257}, {110, 256}, 

epsilon = 9.43396e-06


Algorithm = BBMOCBS-k
Agents = 5
SuccessFlag = True
------
SUCCESS
apex cost: 
{106, 260, 304}, {106, 263, 297}, {106, 266, 293}, {106, 268, 285}, {106, 273, 281}, {106, 277, 278}, {106, 283, 274}, 
{106, 296, 271}, {108, 256, 313}, {108, 259, 308}, 
real cost: 
{106, 263, 306}, {106, 265, 300}, {106, 268, 296}, {106, 272, 288}, {106, 276, 283}, {106, 279, 280}, {106, 286, 277}, 
{106, 299, 273}, {108, 258, 315}, {108, 260, 310}, 

epsilon = 0.0149291


Algorithm = BBMOCBS-k
Agents = 5
SuccessFlag = True
------
