SUCCESS
apex cost: 
{298, 758}, {300, 756}, {302, 754}, {304, 752}, {306, 750}, {309, 749}, 
real cost: 
{298, 759}, {300, 756}, {302, 754}, {304, 752}, {306, 750}, {309, 749}, 

epsilon = 0.00132058


Algorithm = BBMOCBS-k
Agents = 5
SuccessFlag = True
------
SUCCESS
apex cost: 
{298, 758}, {300, 756}, {302, 754}, {304, 752}, {306, 750}, {309, 749}, 
real cost: 
{298, 759}, {300, 756}, {302, 754}, {304, 752}, {306, 750}, {309, 749}, 

epsilon = 0.00132058


Algorithm = BBMOCBS-k
Agents = 5
SuccessFlag = True
------
